info: Microsoft.Hosting.Lifetime[14]
      Now listening on: http://localhost:5304
info: Microsoft.Hosting.Lifetime[0]
      Application started. Press Ctrl+C to shut down.
info: Microsoft.Hosting.Lifetime[0]
      Hosting environment: Development
info: Microsoft.Hosting.Lifetime[0]
      Content root path: C:\Local Disk D\Lectii\Anul 2\semestrul 2\project11\back\Training_and_Workout_App\Training_and_Workout_App.API
warn: Microsoft.AspNetCore.HttpsPolicy.HttpsRedirectionMiddleware[3]
      Failed to determine the https port for redirect.
info: Microsoft.EntityFrameworkCore.Database.Command[20101]
      Executed DbCommand (91ms) [Parameters=[@__muscleGroup_0='?' (Size = 20)], CommandType='Text', CommandTimeout='30']
      SELECT [e].[Id], [e].[Name], [e].[MuscleGroup], [e].[GifUrl], [e].[Instructions]
      FROM [Exercises] AS [e]
      WHERE [e].[Hidden] = CAST(0 AS bit) AND [e].[MuscleGroup] = @__muscleGroup_0
info: Microsoft.EntityFrameworkCore.Database.Command[20101]
      Executed DbCommand (5ms) [Parameters=[@__muscleGroup_0='?' (Size = 20)], CommandType='Text', CommandTimeout='30']
      SELECT [e].[Id], [e].[Name], [e].[MuscleGroup], [e].[GifUrl], [e].[Instructions]
      FROM [Exercises] AS [e]
      WHERE [e].[Hidden] = CAST(0 AS bit) AND [e].[MuscleGroup] = @__muscleGroup_0
info: Microsoft.EntityFrameworkCore.Database.Command[20101]
      Executed DbCommand (1ms) [Parameters=[@__muscleGroup_0='?' (Size = 20)], CommandType='Text', CommandTimeout='30']
      SELECT [e].[Id], [e].[Name], [e].[MuscleGroup], [e].[GifUrl], [e].[Instructions]
      FROM [Exercises] AS [e]
      WHERE [e].[Hidden] = CAST(0 AS bit) AND [e].[MuscleGroup] = @__muscleGroup_0
info: Microsoft.EntityFrameworkCore.Database.Command[20101]
      Executed DbCommand (1ms) [Parameters=[@__muscleGroup_0='?' (Size = 20)], CommandType='Text', CommandTimeout='30']
      SELECT [e].[Id], [e].[Name], [e].[MuscleGroup], [e].[GifUrl], [e].[Instructions]
      FROM [Exercises] AS [e]
      WHERE [e].[Hidden] = CAST(0 AS bit) AND [e].[MuscleGroup] = @__muscleGroup_0
info: Microsoft.EntityFrameworkCore.Database.Command[20101]
      Executed DbCommand (1ms) [Parameters=[@__muscleGroup_0='?' (Size = 20)], CommandType='Text', CommandTimeout='30']
      SELECT [e].[Id], [e].[Name], [e].[MuscleGroup], [e].[GifUrl], [e].[Instructions]
      FROM [Exercises] AS [e]
      WHERE [e].[Hidden] = CAST(0 AS bit) AND [e].[MuscleGroup] = @__muscleGroup_0
info: Microsoft.EntityFrameworkCore.Database.Command[20101]
      Executed DbCommand (1ms) [Parameters=[@__muscleGroup_0='?' (Size = 20)], CommandType='Text', CommandTimeout='30']
      SELECT [e].[Id], [e].[Name], [e].[MuscleGroup], [e].[GifUrl], [e].[Instructions]
      FROM [Exercises] AS [e]
      WHERE [e].[Hidden] = CAST(0 AS bit) AND [e].[MuscleGroup] = @__muscleGroup_0
