  Determining projects to restore...
  Restored W:\Training_and_Workout_App.Domain\Training_and_Workout_App.Domain.csproj (in 153 ms).
  Restored W:\Training_and_Workout_App.BusinessLayer\Training_and_Workout_App.BusinessLayer.csproj (in 170 ms).
  Restored W:\Training_and_Workout_App.DataAccess\Training_and_Workout_App.DataAccess.csproj (in 368 ms).
  Restored W:\Training_and_Workout_App.API\Training_and_Workout_App.API.csproj (in 368 ms).
  Training_and_Workout_App.Domain -> W:\Training_and_Workout_App.Domain\bin\Debug\net8.0\Training_and_Workout_App.Domain.dll
  Training_and_Workout_App.BusinessLayer -> W:\Training_and_Workout_App.BusinessLayer\bin\Debug\net8.0\Training_and_Workout_App.BusinessLayer.dll
  Training_and_Workout_App.DataAccess -> W:\Training_and_Workout_App.DataAccess\bin\Debug\net8.0\Training_and_Workout_App.DataAccess.dll
  Training_and_Workout_App.API -> W:\Training_and_Workout_App.API\bin\Debug\net8.0\Training_and_Workout_App.API.dll

Build succeeded.
    0 Warning(s)
    0 Error(s)

Time Elapsed 00:00:02.62

API starting...
Swagger: http://localhost:5000/swagger
Swagger HTTPS: https://localhost:5001/swagger

info: Microsoft.Hosting.Lifetime[14]
      Now listening on: http://localhost:5000
info: Microsoft.Hosting.Lifetime[14]
      Now listening on: https://localhost:5001
info: Microsoft.Hosting.Lifetime[0]
      Application started. Press Ctrl+C to shut down.
info: Microsoft.Hosting.Lifetime[0]
      Hosting environment: Development
info: Microsoft.Hosting.Lifetime[0]
      Content root path: W:\Training_and_Workout_App.API
